info it worked if it ends with ok
verbose cli [ 'node', '/usr/local/bin/npm', 'install', '.' ]
info using npm@1.0.27
info using node@v0.4.11
verbose config file /home/ncampbell/.npmrc
verbose config file /usr/local/etc/npmrc
verbose into /home/ncampbell/Code/node-continuousstream [ '.' ]
verbose cache add .
verbose cache add [ '.', null ]
silly cache add: name, spec, args [ undefined, '.', [ '.', null ] ]
verbose parsed url { pathname: '.', href: '.' }
ERR! Could not install: .
ERR! Error: ENOENT, No such file or directory 'package.json'
ERR! Report this *entire* log at:
ERR!     <http://github.com/isaacs/npm/issues>
ERR! or email it to:
ERR!     <npm-@googlegroups.com>
ERR! 
ERR! System Linux 2.6.38-11-generic
ERR! command "node" "/usr/local/bin/npm" "install" "."
ERR! cwd /home/ncampbell/Code/node-continuousstream/examples
ERR! node -v v0.4.11
ERR! npm -v 1.0.27
verbose exit [ 2, true ]
